<?xml version="1.0" encoding="UTF-8"?>
<!-- Generated by org.testng.reporters.JUnitReportReporter -->
<testsuite hostname="idea-PC" failures="0" tests="6" name="com.dc.qa.RestAPI.getListUsers" time="7.469" errors="0" timestamp="2021-09-25T19:33:21 IST" skipped="0">
  <testcase classname="com.dc.qa.RestAPI.getListUsers" name="getListofUsers" time="4.798"/>
  <system-out/>
  <testcase classname="com.dc.qa.RestAPI.getListUsers" name="postCreateUsers" time="0.592"/>
  <system-out/>
  <testcase classname="com.dc.qa.RestAPI.getListUsers" name="postCreateUsers" time="0.517"/>
  <system-out/>
  <testcase classname="com.dc.qa.RestAPI.getListUsers" name="postCreateUsers" time="0.530"/>
  <system-out/>
  <testcase classname="com.dc.qa.RestAPI.getListUsers" name="putUser" time="0.520"/>
  <system-out/>
  <testcase classname="com.dc.qa.RestAPI.getListUsers" name="deleteUsers" time="0.512"/>
  <system-out/>
</testsuite> <!-- com.dc.qa.RestAPI.getListUsers -->
